[debug] [2021-07-20T12:27:42.501Z] ----------------------------------------------------------------------
[debug] [2021-07-20T12:27:42.508Z] Command:       C:\Program Files\nodejs\node.exe C:\Users\HP\AppData\Roaming\npm\node_modules\firebase-tools\lib\bin\firebase.js init
[debug] [2021-07-20T12:27:42.510Z] CLI Version:   9.14.0
[debug] [2021-07-20T12:27:42.510Z] Platform:      win32
[debug] [2021-07-20T12:27:42.511Z] Node Version:  v16.4.0
[debug] [2021-07-20T12:27:42.514Z] Time:          Tue Jul 20 2021 17:57:42 GMT+0530 (India Standard Time)
[debug] [2021-07-20T12:27:42.515Z] ----------------------------------------------------------------------
[debug] 
[debug] [2021-07-20T12:27:42.546Z] > command requires scopes: ["email","openid","https://www.googleapis.com/auth/cloudplatformprojects.readonly","https://www.googleapis.com/auth/firebase","https://www.googleapis.com/auth/cloud-platform"]
[debug] [2021-07-20T12:27:42.547Z] > authorizing via signed-in user (testmarket180@gmail.com)
[info] 
     ######## #### ########  ######## ########     ###     ######  ########
     ##        ##  ##     ## ##       ##     ##  ##   ##  ##       ##
     ######    ##  ########  ######   ########  #########  ######  ######
     ##        ##  ##    ##  ##       ##     ## ##     ##       ## ##
     ##       #### ##     ## ######## ########  ##     ##  ######  ########

You're about to initialize a Firebase project in this directory:

  C:\Users\HP\Downloads\maskbuk\maskbuk

[info] 
=== Project Setup
[info] 
[info] First, let's associate this project directory with a Firebase project.
[info] You can create multiple project aliases by running firebase use --add, 
[info] but for now we'll just set up a default project.
[info] 
[info] i  If you want to create a project in a Google Cloud organization or folder, please use "firebase projects:create" instead, and return to this command when you've created the project. 
[debug] [2021-07-20T12:28:05.564Z] >>> HTTP REQUEST POST https://cloudresourcemanager.googleapis.com/v1/projects  
 {"projectId":"maskbuk","name":"maskbuk"}
[debug] [2021-07-20T12:28:06.811Z] <<< HTTP RESPONSE 200 {"content-type":"application/json; charset=UTF-8","vary":"X-Origin, Referer, Origin,Accept-Encoding","date":"Tue, 20 Jul 2021 12:28:07 GMT","server":"ESF","cache-control":"private","x-xss-protection":"0","x-frame-options":"SAMEORIGIN","x-content-type-options":"nosniff","server-timing":"gfet4t7; dur=471","alt-svc":"h3=\":443\"; ma=2592000,h3-29=\":443\"; ma=2592000,h3-T051=\":443\"; ma=2592000,h3-Q050=\":443\"; ma=2592000,h3-Q046=\":443\"; ma=2592000,h3-Q043=\":443\"; ma=2592000,quic=\":443\"; ma=2592000; v=\"46,43\"","accept-ranges":"none","transfer-encoding":"chunked"}
[debug] [2021-07-20T12:28:06.835Z] > refreshing access token with scopes: []
[debug] [2021-07-20T12:28:06.837Z] >>> HTTP REQUEST POST https://www.googleapis.com/oauth2/v3/token  
 <request body omitted>
[debug] [2021-07-20T12:28:07.282Z] <<< HTTP RESPONSE 200 {"cache-control":"no-cache, no-store, max-age=0, must-revalidate","pragma":"no-cache","expires":"Mon, 01 Jan 1990 00:00:00 GMT","date":"Tue, 20 Jul 2021 12:28:08 GMT","content-type":"application/json; charset=utf-8","vary":"X-Origin, Referer, Origin,Accept-Encoding","server":"scaffolding on HTTPServer2","x-xss-protection":"0","x-frame-options":"SAMEORIGIN","x-content-type-options":"nosniff","alt-svc":"h3=\":443\"; ma=2592000,h3-29=\":443\"; ma=2592000,h3-T051=\":443\"; ma=2592000,h3-Q050=\":443\"; ma=2592000,h3-Q046=\":443\"; ma=2592000,h3-Q043=\":443\"; ma=2592000,quic=\":443\"; ma=2592000; v=\"46,43\"","accept-ranges":"none","transfer-encoding":"chunked"}
[debug] [2021-07-20T12:28:07.443Z] >>> [apiv2][query] GET https://cloudresourcemanager.googleapis.com/v1/operations/cp.6989591694971017823 [none]
[debug] [2021-07-20T12:28:09.435Z] <<< [apiv2][status] GET https://cloudresourcemanager.googleapis.com/v1/operations/cp.6989591694971017823 200
[debug] [2021-07-20T12:28:09.436Z] <<< [apiv2][body] GET https://cloudresourcemanager.googleapis.com/v1/operations/cp.6989591694971017823 {"name":"operations/cp.6989591694971017823","metadata":{"@type":"type.googleapis.com/google.cloudresourcemanager.v1.ProjectCreationStatus","gettable":true}}
[debug] [2021-07-20T12:28:09.938Z] [Project Creation Poller] Retrying task index 0
[debug] [2021-07-20T12:28:09.943Z] >>> [apiv2][query] GET https://cloudresourcemanager.googleapis.com/v1/operations/cp.6989591694971017823 [none]
[debug] [2021-07-20T12:28:11.829Z] <<< [apiv2][status] GET https://cloudresourcemanager.googleapis.com/v1/operations/cp.6989591694971017823 200
[debug] [2021-07-20T12:28:11.832Z] <<< [apiv2][body] GET https://cloudresourcemanager.googleapis.com/v1/operations/cp.6989591694971017823 {"name":"operations/cp.6989591694971017823","metadata":{"@type":"type.googleapis.com/google.cloudresourcemanager.v1.ProjectCreationStatus","gettable":true,"ready":true},"done":true,"response":{"@type":"type.googleapis.com/google.cloudresourcemanager.v1.Project","projectNumber":"551635437865","projectId":"maskbuk","lifecycleState":"ACTIVE","name":"maskbuk","createTime":"2021-07-20T12:28:07.309Z"}}
[debug] [2021-07-20T12:28:11.838Z] > refreshing access token with scopes: ["email","https://www.googleapis.com/auth/cloud-platform","https://www.googleapis.com/auth/cloudplatformprojects.readonly","https://www.googleapis.com/auth/firebase","openid"]
[debug] [2021-07-20T12:28:11.839Z] >>> HTTP REQUEST POST https://www.googleapis.com/oauth2/v3/token  
 <request body omitted>
[debug] [2021-07-20T12:28:12.225Z] <<< HTTP RESPONSE 200 {"pragma":"no-cache","expires":"Mon, 01 Jan 1990 00:00:00 GMT","date":"Tue, 20 Jul 2021 12:28:13 GMT","cache-control":"no-cache, no-store, max-age=0, must-revalidate","content-type":"application/json; charset=utf-8","vary":"X-Origin, Referer, Origin,Accept-Encoding","server":"scaffolding on HTTPServer2","x-xss-protection":"0","x-frame-options":"SAMEORIGIN","x-content-type-options":"nosniff","alt-svc":"h3=\":443\"; ma=2592000,h3-29=\":443\"; ma=2592000,h3-T051=\":443\"; ma=2592000,h3-Q050=\":443\"; ma=2592000,h3-Q046=\":443\"; ma=2592000,h3-Q043=\":443\"; ma=2592000,quic=\":443\"; ma=2592000; v=\"46,43\"","accept-ranges":"none","transfer-encoding":"chunked"}
[debug] [2021-07-20T12:28:12.414Z] >>> HTTP REQUEST POST https://firebase.googleapis.com/v1beta1/projects/maskbuk:addFirebase  
 
[debug] [2021-07-20T12:28:16.035Z] <<< HTTP RESPONSE 200 {"content-type":"application/json; charset=UTF-8","vary":"X-Origin, Referer, Origin,Accept-Encoding","date":"Tue, 20 Jul 2021 12:28:16 GMT","server":"ESF","cache-control":"private","x-xss-protection":"0","x-frame-options":"SAMEORIGIN","x-content-type-options":"nosniff","alt-svc":"h3=\":443\"; ma=2592000,h3-29=\":443\"; ma=2592000,h3-T051=\":443\"; ma=2592000,h3-Q050=\":443\"; ma=2592000,h3-Q046=\":443\"; ma=2592000,h3-Q043=\":443\"; ma=2592000,quic=\":443\"; ma=2592000; v=\"46,43\"","accept-ranges":"none","transfer-encoding":"chunked"}
[debug] [2021-07-20T12:28:16.040Z] > refreshing access token with scopes: []
[debug] [2021-07-20T12:28:16.040Z] >>> HTTP REQUEST POST https://www.googleapis.com/oauth2/v3/token  
 <request body omitted>
[debug] [2021-07-20T12:28:16.413Z] <<< HTTP RESPONSE 200 {"date":"Tue, 20 Jul 2021 12:28:17 GMT","cache-control":"no-cache, no-store, max-age=0, must-revalidate","pragma":"no-cache","expires":"Mon, 01 Jan 1990 00:00:00 GMT","content-type":"application/json; charset=utf-8","vary":"X-Origin, Referer, Origin,Accept-Encoding","server":"scaffolding on HTTPServer2","x-xss-protection":"0","x-frame-options":"SAMEORIGIN","x-content-type-options":"nosniff","alt-svc":"h3=\":443\"; ma=2592000,h3-29=\":443\"; ma=2592000,h3-T051=\":443\"; ma=2592000,h3-Q050=\":443\"; ma=2592000,h3-Q046=\":443\"; ma=2592000,h3-Q043=\":443\"; ma=2592000,quic=\":443\"; ma=2592000; v=\"46,43\"","accept-ranges":"none","transfer-encoding":"chunked"}
[debug] [2021-07-20T12:28:16.563Z] >>> [apiv2][query] GET https://firebase.googleapis.com/v1beta1/operations/workflows/OWExZDI4ZTItYzFhZi00NDlhLThjYzAtYTQ5NTAxNmZkZDYw [none]
[debug] [2021-07-20T12:28:18.027Z] <<< [apiv2][status] GET https://firebase.googleapis.com/v1beta1/operations/workflows/OWExZDI4ZTItYzFhZi00NDlhLThjYzAtYTQ5NTAxNmZkZDYw 200
[debug] [2021-07-20T12:28:18.029Z] <<< [apiv2][body] GET https://firebase.googleapis.com/v1beta1/operations/workflows/OWExZDI4ZTItYzFhZi00NDlhLThjYzAtYTQ5NTAxNmZkZDYw {"name":"operations/workflows/OWExZDI4ZTItYzFhZi00NDlhLThjYzAtYTQ5NTAxNmZkZDYw"}
[debug] [2021-07-20T12:28:18.531Z] [Add Firebase Poller] Retrying task index 0
[debug] [2021-07-20T12:28:18.536Z] >>> [apiv2][query] GET https://firebase.googleapis.com/v1beta1/operations/workflows/OWExZDI4ZTItYzFhZi00NDlhLThjYzAtYTQ5NTAxNmZkZDYw [none]
[debug] [2021-07-20T12:28:20.189Z] <<< [apiv2][status] GET https://firebase.googleapis.com/v1beta1/operations/workflows/OWExZDI4ZTItYzFhZi00NDlhLThjYzAtYTQ5NTAxNmZkZDYw 200
[debug] [2021-07-20T12:28:20.191Z] <<< [apiv2][body] GET https://firebase.googleapis.com/v1beta1/operations/workflows/OWExZDI4ZTItYzFhZi00NDlhLThjYzAtYTQ5NTAxNmZkZDYw {"name":"operations/workflows/OWExZDI4ZTItYzFhZi00NDlhLThjYzAtYTQ5NTAxNmZkZDYw"}
[debug] [2021-07-20T12:28:21.193Z] [Add Firebase Poller] Retrying task index 0
[debug] [2021-07-20T12:28:21.197Z] >>> [apiv2][query] GET https://firebase.googleapis.com/v1beta1/operations/workflows/OWExZDI4ZTItYzFhZi00NDlhLThjYzAtYTQ5NTAxNmZkZDYw [none]
[debug] [2021-07-20T12:28:22.639Z] <<< [apiv2][status] GET https://firebase.googleapis.com/v1beta1/operations/workflows/OWExZDI4ZTItYzFhZi00NDlhLThjYzAtYTQ5NTAxNmZkZDYw 200
[debug] [2021-07-20T12:28:22.642Z] <<< [apiv2][body] GET https://firebase.googleapis.com/v1beta1/operations/workflows/OWExZDI4ZTItYzFhZi00NDlhLThjYzAtYTQ5NTAxNmZkZDYw {"name":"operations/workflows/OWExZDI4ZTItYzFhZi00NDlhLThjYzAtYTQ5NTAxNmZkZDYw"}
[debug] [2021-07-20T12:28:24.644Z] [Add Firebase Poller] Retrying task index 0
[debug] [2021-07-20T12:28:24.648Z] >>> [apiv2][query] GET https://firebase.googleapis.com/v1beta1/operations/workflows/OWExZDI4ZTItYzFhZi00NDlhLThjYzAtYTQ5NTAxNmZkZDYw [none]
[debug] [2021-07-20T12:28:26.162Z] <<< [apiv2][status] GET https://firebase.googleapis.com/v1beta1/operations/workflows/OWExZDI4ZTItYzFhZi00NDlhLThjYzAtYTQ5NTAxNmZkZDYw 200
[debug] [2021-07-20T12:28:26.163Z] <<< [apiv2][body] GET https://firebase.googleapis.com/v1beta1/operations/workflows/OWExZDI4ZTItYzFhZi00NDlhLThjYzAtYTQ5NTAxNmZkZDYw {"name":"operations/workflows/OWExZDI4ZTItYzFhZi00NDlhLThjYzAtYTQ5NTAxNmZkZDYw","done":true,"response":{"@type":"type.googleapis.com/google.firebase.service.v1beta1.FirebaseProject","projectId":"maskbuk","projectNumber":"551635437865","displayName":"maskbuk","name":"projects/maskbuk","resources":{"hostingSite":"maskbuk"}}}
[info] 
[info] === Your Firebase project is ready! ===
[info] 
[info] Project information:
[info]    - Project ID: maskbuk
[info]    - Project Name: maskbuk
[info] 
[info] Firebase console is available at
[info] https://console.firebase.google.com/project/maskbuk/overview
[info] i  Using project maskbuk (maskbuk) 
[info] 
=== Hosting Setup
[info] 
[info] Your public directory is the folder (relative to your project directory) that
[info] will contain Hosting assets to be uploaded with firebase deploy. If you
[info] have a build process for your assets, use your build's output directory.
[info] 
